c:\users\kjh0121\desktop\kjh\mfc-interiorprogram\debug\interiorprogram.pch
c:\users\kjh0121\desktop\kjh\mfc-interiorprogram\debug\vc141.pdb
c:\users\kjh0121\desktop\kjh\mfc-interiorprogram\debug\vc141.idb
c:\users\kjh0121\desktop\kjh\mfc-interiorprogram\debug\stdafx.obj
c:\users\kjh0121\desktop\kjh\mfc-interiorprogram\debug\windowshape.obj
c:\users\kjh0121\desktop\kjh\mfc-interiorprogram\debug\userobjectshape.obj
c:\users\kjh0121\desktop\kjh\mfc-interiorprogram\debug\shapehandler.obj
c:\users\kjh0121\desktop\kjh\mfc-interiorprogram\debug\shape.obj
c:\users\kjh0121\desktop\kjh\mfc-interiorprogram\debug\roomshape.obj
c:\users\kjh0121\desktop\kjh\mfc-interiorprogram\debug\mainfrm.obj
c:\users\kjh0121\desktop\kjh\mfc-interiorprogram\debug\junutil.obj
c:\users\kjh0121\desktop\kjh\mfc-interiorprogram\debug\interiorprogramview.obj
c:\users\kjh0121\desktop\kjh\mfc-interiorprogram\debug\interiorprogramdoc.obj
c:\users\kjh0121\desktop\kjh\mfc-interiorprogram\debug\interiorprogram.obj
c:\users\kjh0121\desktop\kjh\mfc-interiorprogram\debug\filemanager.obj
c:\users\kjh0121\desktop\kjh\mfc-interiorprogram\debug\doorshape.obj
c:\users\kjh0121\desktop\kjh\mfc-interiorprogram\debug\controlview.obj
c:\users\kjh0121\desktop\kjh\mfc-interiorprogram\debug\dlgtab2.obj
c:\users\kjh0121\desktop\kjh\mfc-interiorprogram\debug\dlgtab1.obj
c:\users\kjh0121\desktop\kjh\mfc-interiorprogram\debug\crud.obj
c:\users\kjh0121\desktop\kjh\mfc-interiorprogram\debug\bufferdc.obj
c:\users\kjh0121\desktop\kjh\mfc-interiorprogram\debug\interiorprogram.exe
c:\users\kjh0121\desktop\kjh\mfc-interiorprogram\debug\interiorprogram.ilk
c:\users\kjh0121\desktop\kjh\mfc-interiorprogram\debug\interiorprogram.pdb
c:\users\kjh0121\desktop\kjh\mfc-interiorprogram\debug\interiorprogram.res
c:\users\kjh0121\desktop\kjh\mfc-interiorprogram\debug\bufferdc.obj.enc
c:\users\kjh0121\desktop\kjh\mfc-interiorprogram\debug\crud.obj.enc
c:\users\kjh0121\desktop\kjh\mfc-interiorprogram\debug\shapehandler.obj.enc
c:\users\kjh0121\desktop\kjh\mfc-interiorprogram\debug\interiorprogram.tlog\cl.command.1.tlog
c:\users\kjh0121\desktop\kjh\mfc-interiorprogram\debug\interiorprogram.tlog\cl.read.1.tlog
c:\users\kjh0121\desktop\kjh\mfc-interiorprogram\debug\interiorprogram.tlog\cl.write.1.tlog
c:\users\kjh0121\desktop\kjh\mfc-interiorprogram\debug\interiorprogram.tlog\link.command.1.tlog
c:\users\kjh0121\desktop\kjh\mfc-interiorprogram\debug\interiorprogram.tlog\link.read.1.tlog
c:\users\kjh0121\desktop\kjh\mfc-interiorprogram\debug\interiorprogram.tlog\link.write.1.tlog
c:\users\kjh0121\desktop\kjh\mfc-interiorprogram\debug\interiorprogram.tlog\rc.command.1.tlog
c:\users\kjh0121\desktop\kjh\mfc-interiorprogram\debug\interiorprogram.tlog\rc.read.1.tlog
c:\users\kjh0121\desktop\kjh\mfc-interiorprogram\debug\interiorprogram.tlog\rc.write.1.tlog
