  stdafx.cpp
  BasicContainerShape.cpp
  BufferDC.cpp
  ComponentShape.cpp
  ContainerShape.cpp
  ControlView.cpp
  DependentShape.cpp
  DlgTab1.cpp
  DlgTab2.cpp
  DoorShape.cpp
  FileManager.cpp
  InteriorProgram.cpp
  InteriorProgramDoc.cpp
  InteriorProgramView.cpp
  JunUtil.cpp
  MainFrm.cpp
  ObjectShape.cpp
  RoomShape.cpp
  Shape.cpp
  ShapeFactory.cpp
  ShapeHandler.cpp
  코드를 생성하고 있습니다...
  컴파일하고 있습니다...
  SuperContainerShape.cpp
  WindowShape.cpp
  코드를 생성하고 있습니다...
  InteriorProgram.vcxproj -> C:\Users\kjh0121\Desktop\kjh\새 폴더\MFC-InteriorProgram\Debug\InteriorProgram.exe
