  stdafx.cpp
  CBufferDC.cpp
  CDlgTab1.cpp
  CDlgTab2.cpp
  ControlView.cpp
  DoorShape.cpp
  FileManager.cpp
  InteriorProgram.cpp
  InteriorProgramDoc.cpp
  InteriorProgramView.cpp
  JunUtil.cpp
  MainFrm.cpp
  RoomShape.cpp
  Shape.cpp
  ShapeHandler.cpp
  UserObjectShape.cpp
  WindowShape.cpp
  코드를 생성하고 있습니다.
  All 1099 functions were compiled because no usable IPDB/IOBJ from previous compilation was found.
  코드를 생성했습니다.
  InteriorProgram.vcxproj -> C:\Users\kjh0121\Desktop\kjh\MFC-InteriorProgram\Release\InteriorProgram.exe
